<?xml version="1.0" encoding="utf-8" standalone="no"?>
<testsuites xmlns:xsi="http://www.w3.org/2001/XMLSchema-instance" xsi:noNamespaceSchemaLocation="junit_schema_4.xsd" name="Module Tests" tests="55" errors="0" failures="1" disabled="3" time="79.396">
  <testsuite name="C:\dev\ip\Azure-ResourceModules\ResourceModules\utilities\pipelines\staticValidation\module.tests.ps1" tests="55" errors="0" failures="1" hostname="DESKTOP-7OKH8K1" id="0" skipped="3" disabled="0" package="C:\dev\ip\Azure-ResourceModules\ResourceModules\utilities\pipelines\staticValidation\module.tests.ps1" time="79.396">
    <properties>
      <property name="os-version" value="10.0.22621" />
      <property name="clr-version" value="Unknown" />
      <property name="user-domain" value="EUROPE" />
      <property name="junit-version" value="4" />
      <property name="cwd" value="C:\dev\ip\Azure-ResourceModules\ResourceModules" />
      <property name="platform" value="Microsoft Windows 11 Enterprise|C:\WINDOWS|\Device\Harddisk0\Partition3" />
      <property name="machine-name" value="DESKTOP-7OKH8K1" />
      <property name="user" value="alsehr" />
    </properties>
    <testcase name="File/folder tests.General module folder tests.[Microsoft.AnalysisServices/servers] Module should have a GitHub workflow" status="Passed" classname="C:\dev\ip\Azure-ResourceModules\ResourceModules\utilities\pipelines\staticValidation\module.tests.ps1" assertions="0" time="0.205" />
    <testcase name="File/folder tests.General module folder tests.[Microsoft.AnalysisServices/servers] Module should have an Azure DevOps pipeline" status="Passed" classname="C:\dev\ip\Azure-ResourceModules\ResourceModules\utilities\pipelines\staticValidation\module.tests.ps1" assertions="0" time="0.139" />
    <testcase name="File/folder tests.General module folder tests.[Microsoft.AnalysisServices/servers] Module should contain a [ deploy.json  /  deploy.bicep ] file" status="Passed" classname="C:\dev\ip\Azure-ResourceModules\ResourceModules\utilities\pipelines\staticValidation\module.tests.ps1" assertions="0" time="0.082" />
    <testcase name="File/folder tests.General module folder tests.[Microsoft.AnalysisServices/servers] Module should contain a [ readme.md ] file" status="Passed" classname="C:\dev\ip\Azure-ResourceModules\ResourceModules\utilities\pipelines\staticValidation\module.tests.ps1" assertions="0" time="0.081" />
    <testcase name="File/folder tests.General module folder tests.[Microsoft.AnalysisServices/servers] Module should contain a [ .test ] folder" status="Passed" classname="C:\dev\ip\Azure-ResourceModules\ResourceModules\utilities\pipelines\staticValidation\module.tests.ps1" assertions="0" time="0.096" />
    <testcase name="File/folder tests.General module folder tests.[Microsoft.AnalysisServices/servers] Module should contain a [ version.json ] file" status="Passed" classname="C:\dev\ip\Azure-ResourceModules\ResourceModules\utilities\pipelines\staticValidation\module.tests.ps1" assertions="0" time="0.063" />
    <testcase name="File/folder tests..test folder.[Microsoft.AnalysisServices/servers] Folder should contain one or more test files" status="Passed" classname="C:\dev\ip\Azure-ResourceModules\ResourceModules\utilities\pipelines\staticValidation\module.tests.ps1" assertions="0" time="0.253" />
    <testcase name="File/folder tests..test folder.[Microsoft.AnalysisServices/servers] JSON test files in the .test folder should be valid json" status="Skipped" classname="C:\dev\ip\Azure-ResourceModules\ResourceModules\utilities\pipelines\staticValidation\module.tests.ps1" assertions="0" time="0.163">
      <skipped message="Exception: is skipped, because the module has no JSON test files."></skipped>
    </testcase>
    <testcase name="File/folder tests..test folder.[Microsoft.AnalysisServices/servers] JSON test files in the .test folder should be valid json" status="Skipped" classname="C:\dev\ip\Azure-ResourceModules\ResourceModules\utilities\pipelines\staticValidation\module.tests.ps1" assertions="0" time="0.086">
      <skipped message="Exception: is skipped, because the module has no JSON test files."></skipped>
    </testcase>
    <testcase name="File/folder tests..test folder.[Microsoft.AnalysisServices/servers] JSON test files in the .test folder should be valid json" status="Skipped" classname="C:\dev\ip\Azure-ResourceModules\ResourceModules\utilities\pipelines\staticValidation\module.tests.ps1" assertions="0" time="0.101">
      <skipped message="Exception: is skipped, because the module has no JSON test files."></skipped>
    </testcase>
    <testcase name="Readme tests.Readme content tests.[Microsoft.AnalysisServices/servers] Readme.md file should not be empty" status="Passed" classname="C:\dev\ip\Azure-ResourceModules\ResourceModules\utilities\pipelines\staticValidation\module.tests.ps1" assertions="0" time="0.522" />
    <testcase name="Readme tests.Readme content tests.[Microsoft.AnalysisServices/servers] Readme.md file should contain these sections in order: Navigation, Resource Types, Parameters, Outputs, Cross-referenced modules, Deployment examples" status="Passed" classname="C:\dev\ip\Azure-ResourceModules\ResourceModules\utilities\pipelines\staticValidation\module.tests.ps1" assertions="0" time="0.282" />
    <testcase name="Readme tests.Readme content tests.[Microsoft.AnalysisServices/servers] Resources section should contain all resources from the template file" status="Passed" classname="C:\dev\ip\Azure-ResourceModules\ResourceModules\utilities\pipelines\staticValidation\module.tests.ps1" assertions="0" time="0.212" />
    <testcase name="Readme tests.Readme content tests.[Microsoft.AnalysisServices/servers] Resources section should not contain more resources than the template file" status="Passed" classname="C:\dev\ip\Azure-ResourceModules\ResourceModules\utilities\pipelines\staticValidation\module.tests.ps1" assertions="0" time="0.105" />
    <testcase name="Readme tests.Readme content tests.[Microsoft.AnalysisServices/servers] Parameters section should contain a table for each existing parameter category in the following order: Required, Conditional, Optional, Generated" status="Passed" classname="C:\dev\ip\Azure-ResourceModules\ResourceModules\utilities\pipelines\staticValidation\module.tests.ps1" assertions="0" time="0.313" />
    <testcase name="Readme tests.Readme content tests.[Microsoft.AnalysisServices/servers] Parameter tables should provide columns in the following order: Parameter Name, Type, Default Value, Allowed Values, Description. Each column should be present unless empty for all the rows." status="Passed" classname="C:\dev\ip\Azure-ResourceModules\ResourceModules\utilities\pipelines\staticValidation\module.tests.ps1" assertions="0" time="0.242" />
    <testcase name="Readme tests.Readme content tests.[Microsoft.AnalysisServices/servers] Parameters section should contain all parameters from the template file" status="Passed" classname="C:\dev\ip\Azure-ResourceModules\ResourceModules\utilities\pipelines\staticValidation\module.tests.ps1" assertions="0" time="0.151" />
    <testcase name="Readme tests.Readme content tests.[Microsoft.AnalysisServices/servers] Outputs section should contain a table with these column names in order: Output Name, Type" status="Passed" classname="C:\dev\ip\Azure-ResourceModules\ResourceModules\utilities\pipelines\staticValidation\module.tests.ps1" assertions="0" time="0.199" />
    <testcase name="Readme tests.Readme content tests.[Microsoft.AnalysisServices/servers] Output section should contain all outputs defined in the template file" status="Passed" classname="C:\dev\ip\Azure-ResourceModules\ResourceModules\utilities\pipelines\staticValidation\module.tests.ps1" assertions="0" time="0.271" />
    <testcase name="Readme tests.Readme content tests.[Microsoft.AnalysisServices/servers] Dependencies section should contain all cross-references defined in the template file" status="Passed" classname="C:\dev\ip\Azure-ResourceModules\ResourceModules\utilities\pipelines\staticValidation\module.tests.ps1" assertions="0" time="10.500" />
    <testcase name="Readme tests.Readme content tests.[Microsoft.AnalysisServices/servers] Set-ModuleReadMe script should not apply any updates" status="Failed" classname="C:\dev\ip\Azure-ResourceModules\ResourceModules\utilities\pipelines\staticValidation\module.tests.ps1" assertions="0" time="14.604">
      <failure message="Expected $true, because The file hashes before and after applying the Set-ModuleReadMe function should be identical, but got $false.">at $filesAreTheSame | Should -Be $true -Because 'The file hashes before and after applying the Set-ModuleReadMe function should be identical', C:\dev\ip\Azure-ResourceModules\ResourceModules\utilities\pipelines\staticValidation\module.tests.ps1:550
at &lt;ScriptBlock&gt;, C:\dev\ip\Azure-ResourceModules\ResourceModules\utilities\pipelines\staticValidation\module.tests.ps1:550</failure>
    </testcase>
    <testcase name="Test file tests.General test file.[Microsoft.AnalysisServices/servers] Bicep test deployment files should invoke test like [module testDeployment '../.*deploy.bicep' = {]" status="Passed" classname="C:\dev\ip\Azure-ResourceModules\ResourceModules\utilities\pipelines\staticValidation\module.tests.ps1" assertions="0" time="0.204" />
    <testcase name="Test file tests.General test file.[Microsoft.AnalysisServices/servers] Bicep test deployment files should invoke test like [module testDeployment '../.*deploy.bicep' = {]" status="Passed" classname="C:\dev\ip\Azure-ResourceModules\ResourceModules\utilities\pipelines\staticValidation\module.tests.ps1" assertions="0" time="0.085" />
    <testcase name="Test file tests.General test file.[Microsoft.AnalysisServices/servers] Bicep test deployment files should invoke test like [module testDeployment '../.*deploy.bicep' = {]" status="Passed" classname="C:\dev\ip\Azure-ResourceModules\ResourceModules\utilities\pipelines\staticValidation\module.tests.ps1" assertions="0" time="0.088" />
    <testcase name="Test file tests.General test file.[Microsoft.AnalysisServices/servers] Bicep test deployment name should contain [-test-]" status="Passed" classname="C:\dev\ip\Azure-ResourceModules\ResourceModules\utilities\pipelines\staticValidation\module.tests.ps1" assertions="0" time="0.122" />
    <testcase name="Test file tests.General test file.[Microsoft.AnalysisServices/servers] Bicep test deployment name should contain [-test-]" status="Passed" classname="C:\dev\ip\Azure-ResourceModules\ResourceModules\utilities\pipelines\staticValidation\module.tests.ps1" assertions="0" time="0.061" />
    <testcase name="Test file tests.General test file.[Microsoft.AnalysisServices/servers] Bicep test deployment name should contain [-test-]" status="Passed" classname="C:\dev\ip\Azure-ResourceModules\ResourceModules\utilities\pipelines\staticValidation\module.tests.ps1" assertions="0" time="0.098" />
    <testcase name="Test file tests.General test file.[Microsoft.AnalysisServices/servers] Bicep test deployment should have parameter [serviceShort]" status="Passed" classname="C:\dev\ip\Azure-ResourceModules\ResourceModules\utilities\pipelines\staticValidation\module.tests.ps1" assertions="0" time="0.134" />
    <testcase name="Test file tests.General test file.[Microsoft.AnalysisServices/servers] Bicep test deployment should have parameter [serviceShort]" status="Passed" classname="C:\dev\ip\Azure-ResourceModules\ResourceModules\utilities\pipelines\staticValidation\module.tests.ps1" assertions="0" time="0.108" />
    <testcase name="Test file tests.General test file.[Microsoft.AnalysisServices/servers] Bicep test deployment should have parameter [serviceShort]" status="Passed" classname="C:\dev\ip\Azure-ResourceModules\ResourceModules\utilities\pipelines\staticValidation\module.tests.ps1" assertions="0" time="0.100" />
    <testcase name="Deployment template tests.General template.[Microsoft.AnalysisServices/servers] The template file should not be empty" status="Passed" classname="C:\dev\ip\Azure-ResourceModules\ResourceModules\utilities\pipelines\staticValidation\module.tests.ps1" assertions="0" time="0.174" />
    <testcase name="Deployment template tests.General template.[Microsoft.AnalysisServices/servers] Template schema version should be the latest" status="Passed" classname="C:\dev\ip\Azure-ResourceModules\ResourceModules\utilities\pipelines\staticValidation\module.tests.ps1" assertions="0" time="0.508" />
    <testcase name="Deployment template tests.General template.[Microsoft.AnalysisServices/servers] Template schema should use HTTPS reference" status="Passed" classname="C:\dev\ip\Azure-ResourceModules\ResourceModules\utilities\pipelines\staticValidation\module.tests.ps1" assertions="0" time="0.249" />
    <testcase name="Deployment template tests.General template.[Microsoft.AnalysisServices/servers] All apiVersion properties should be set to a static, hard-coded value" status="Passed" classname="C:\dev\ip\Azure-ResourceModules\ResourceModules\utilities\pipelines\staticValidation\module.tests.ps1" assertions="0" time="0.183" />
    <testcase name="Deployment template tests.General template.[Microsoft.AnalysisServices/servers] The template file should contain required elements: schema, contentVersion, &#xD;esources " status="Passed" classname="C:\dev\ip\Azure-ResourceModules\ResourceModules\utilities\pipelines\staticValidation\module.tests.ps1" assertions="0" time="0.138" />
    <testcase name="Deployment template tests.General template.[Microsoft.AnalysisServices/servers] If delete lock is implemented, the template should have a lock parameter with an empty default value" status="Passed" classname="C:\dev\ip\Azure-ResourceModules\ResourceModules\utilities\pipelines\staticValidation\module.tests.ps1" assertions="0" time="0.159" />
    <testcase name="Deployment template tests.General template.[Microsoft.AnalysisServices/servers] Parameter names should be camel-cased (no dashes or underscores and must start with lower-case letter)" status="Passed" classname="C:\dev\ip\Azure-ResourceModules\ResourceModules\utilities\pipelines\staticValidation\module.tests.ps1" assertions="0" time="0.152" />
    <testcase name="Deployment template tests.General template.[Microsoft.AnalysisServices/servers] Variable names should be camel-cased (no dashes or underscores and must start with lower-case letter)" status="Passed" classname="C:\dev\ip\Azure-ResourceModules\ResourceModules\utilities\pipelines\staticValidation\module.tests.ps1" assertions="0" time="0.113" />
    <testcase name="Deployment template tests.General template.[Microsoft.AnalysisServices/servers] Output names should be camel-cased (no dashes or underscores and must start with lower-case letter)" status="Passed" classname="C:\dev\ip\Azure-ResourceModules\ResourceModules\utilities\pipelines\staticValidation\module.tests.ps1" assertions="0" time="0.129" />
    <testcase name="Deployment template tests.General template.[Microsoft.AnalysisServices/servers] CUA ID deployment should be present in the template" status="Passed" classname="C:\dev\ip\Azure-ResourceModules\ResourceModules\utilities\pipelines\staticValidation\module.tests.ps1" assertions="0" time="0.168" />
    <testcase name="Deployment template tests.General template.[Microsoft.AnalysisServices/servers] The Location should be defined as a parameter, with the default value of '&#xD;esourceGroup().Location' or global for ResourceGroup deployment scope" status="Passed" classname="C:\dev\ip\Azure-ResourceModules\ResourceModules\utilities\pipelines\staticValidation\module.tests.ps1" assertions="0" time="0.154" />
    <testcase name="Deployment template tests.General template.[Microsoft.AnalysisServices/servers] Location output should be returned for resources that use it" status="Passed" classname="C:\dev\ip\Azure-ResourceModules\ResourceModules\utilities\pipelines\staticValidation\module.tests.ps1" assertions="0" time="0.201" />
    <testcase name="Deployment template tests.General template.[Microsoft.AnalysisServices/servers] Resource Group output should exist for resources that are deployed into a resource group scope" status="Passed" classname="C:\dev\ip\Azure-ResourceModules\ResourceModules\utilities\pipelines\staticValidation\module.tests.ps1" assertions="0" time="0.203" />
    <testcase name="Deployment template tests.General template.[Microsoft.AnalysisServices/servers] Resource name output should exist" status="Passed" classname="C:\dev\ip\Azure-ResourceModules\ResourceModules\utilities\pipelines\staticValidation\module.tests.ps1" assertions="0" time="0.216" />
    <testcase name="Deployment template tests.General template.[Microsoft.AnalysisServices/servers] Resource ID output should exist" status="Passed" classname="C:\dev\ip\Azure-ResourceModules\ResourceModules\utilities\pipelines\staticValidation\module.tests.ps1" assertions="0" time="0.196" />
    <testcase name="Deployment template tests.General template.[Microsoft.AnalysisServices/servers] Each parameters' description should start with a one word category starting with a capital letter, followed by a dot, a space and the actual description text ending with a dot." status="Passed" classname="C:\dev\ip\Azure-ResourceModules\ResourceModules\utilities\pipelines\staticValidation\module.tests.ps1" assertions="0" time="0.244" />
    <testcase name="Deployment template tests.General template.[Microsoft.AnalysisServices/servers] Conditional parameters' description should contain 'Required if' followed by the condition making the parameter required." status="Passed" classname="C:\dev\ip\Azure-ResourceModules\ResourceModules\utilities\pipelines\staticValidation\module.tests.ps1" assertions="0" time="0.145" />
    <testcase name="Deployment template tests.General template.[Microsoft.AnalysisServices/servers] outputs' description should start with a capital letter and contain text ending with a dot." status="Passed" classname="C:\dev\ip\Azure-ResourceModules\ResourceModules\utilities\pipelines\staticValidation\module.tests.ps1" assertions="0" time="0.160" />
    <testcase name="Deployment template tests.General template.[Microsoft.AnalysisServices/servers] All parameters in parameters files exist in template file (deploy.json)" status="Passed" classname="C:\dev\ip\Azure-ResourceModules\ResourceModules\utilities\pipelines\staticValidation\module.tests.ps1" assertions="0" time="0.262" />
    <testcase name="Deployment template tests.General template.[Microsoft.AnalysisServices/servers] All required parameters in template file (deploy.json) should exist in parameters files" status="Passed" classname="C:\dev\ip\Azure-ResourceModules\ResourceModules\utilities\pipelines\staticValidation\module.tests.ps1" assertions="0" time="0.172" />
    <testcase name="Deployment template tests.General template.[Microsoft.AnalysisServices/servers] All non-required parameters in template file should not have description that start with &quot;Required.&quot;" status="Passed" classname="C:\dev\ip\Azure-ResourceModules\ResourceModules\utilities\pipelines\staticValidation\module.tests.ps1" assertions="0" time="0.234" />
    <testcase name="API version tests.In [Microsoft.AnalysisServices/servers] used resource type [servers] should use one of the recent API version(s). Currently using [2017-08-01]" status="Passed" classname="C:\dev\ip\Azure-ResourceModules\ResourceModules\utilities\pipelines\staticValidation\module.tests.ps1" assertions="0" time="0.254" />
    <testcase name="API version tests.In [Microsoft.AnalysisServices/servers] used resource type [locks] should use one of the recent API version(s). Currently using [2020-05-01]" status="Passed" classname="C:\dev\ip\Azure-ResourceModules\ResourceModules\utilities\pipelines\staticValidation\module.tests.ps1" assertions="0" time="0.142" />
    <testcase name="API version tests.In [Microsoft.AnalysisServices/servers] used resource type [roleassignments] should use one of the recent API version(s). Currently using [2022-04-01]" status="Passed" classname="C:\dev\ip\Azure-ResourceModules\ResourceModules\utilities\pipelines\staticValidation\module.tests.ps1" assertions="0" time="0.082" />
    <testcase name="API version tests.In [Microsoft.AnalysisServices/servers] used resource type [diagnosticsettings] should use one of the recent API version(s). Currently using [2021-05-01-preview]" status="Passed" classname="C:\dev\ip\Azure-ResourceModules\ResourceModules\utilities\pipelines\staticValidation\module.tests.ps1" assertions="0" time="0.098" />
  </testsuite>
</testsuites>